2017/01/09 18:32:16 [error] 9#9: *1 FastCGI sent in stderr: "PHP message: PHP Warning:  Redis::connect(): php_network_getaddresses: getaddrinfo failed: Name or service not known in /var/www/silex/index.php on line 6
PHP message: PHP Stack trace:
PHP message: PHP   1. {main}() /var/www/silex/index.php:0
PHP message: PHP   2. Redis->connect() /var/www/silex/index.php:6
PHP message: PHP Warning:  Redis::connect(): connect() failed: php_network_getaddresses: getaddrinfo failed: Name or service not known in /var/www/silex/index.php on line 6
PHP message: PHP Stack trace:
PHP message: PHP   1. {main}() /var/www/silex/index.php:0
PHP message: PHP   2. Redis->connect() /var/www/silex/index.php:6
PHP message: PHP Fatal error:  Uncaught RedisException: Redis server went away in /var/www/silex/index.php:8
Stack trace:
#0 /var/www/silex/index.php(8): Redis->set('key1', 'test')
#1 {main}
  thrown in /var/www/silex/index.php on line 8" while reading upstream, client: 172.18.0.1, server: silex.dev, request: "GET / HTTP/1.1", upstream: "fastcgi://172.18.0.3:9000", host: "silex.dev"
2017/01/09 18:32:16 [error] 9#9: *1 FastCGI sent in stderr: "PHP message: PHP Warning:  Redis::connect(): php_network_getaddresses: getaddrinfo failed: Name or service not known in /var/www/silex/index.php on line 6
PHP message: PHP Stack trace:
PHP message: PHP   1. {main}() /var/www/silex/index.php:0
PHP message: PHP   2. Redis->connect() /var/www/silex/index.php:6
PHP message: PHP Warning:  Redis::connect(): connect() failed: php_network_getaddresses: getaddrinfo failed: Name or service not known in /var/www/silex/index.php on line 6
PHP message: PHP Stack trace:
PHP message: PHP   1. {main}() /var/www/silex/index.php:0
PHP message: PHP   2. Redis->connect() /var/www/silex/index.php:6
PHP message: PHP Fatal error:  Uncaught RedisException: Redis server went away in /var/www/silex/index.php:8
Stack trace:
#0 /var/www/silex/index.php(8): Redis->set('key1', 'test')
#1 {main}
  thrown in /var/www/silex/index.php on line 8" while reading upstream, client: 172.18.0.1, server: silex.dev, request: "GET /favicon.ico HTTP/1.1", upstream: "fastcgi://172.18.0.3:9000", host: "silex.dev", referrer: "http://silex.dev/"
2017/01/09 18:32:20 [error] 9#9: *1 FastCGI sent in stderr: "PHP message: PHP Warning:  Redis::connect(): php_network_getaddresses: getaddrinfo failed: Name or service not known in /var/www/silex/index.php on line 6
PHP message: PHP Stack trace:
PHP message: PHP   1. {main}() /var/www/silex/index.php:0
PHP message: PHP   2. Redis->connect() /var/www/silex/index.php:6
PHP message: PHP Warning:  Redis::connect(): connect() failed: php_network_getaddresses: getaddrinfo failed: Name or service not known in /var/www/silex/index.php on line 6
PHP message: PHP Stack trace:
PHP message: PHP   1. {main}() /var/www/silex/index.php:0
PHP message: PHP   2. Redis->connect() /var/www/silex/index.php:6
PHP message: PHP Fatal error:  Uncaught RedisException: Redis server went away in /var/www/silex/index.php:8
Stack trace:
#0 /var/www/silex/index.php(8): Redis->set('key1', 'test')
#1 {main}
  thrown in /var/www/silex/index.php on line 8" while reading upstream, client: 172.18.0.1, server: silex.dev, request: "GET /favicon.ico HTTP/1.1", upstream: "fastcgi://172.18.0.3:9000", host: "silex.dev", referrer: "http://silex.dev/"
2017/01/09 19:16:27 [error] 9#9: *1 FastCGI sent in stderr: "PHP message: PHP Warning:  Redis::connect(): php_network_getaddresses: getaddrinfo failed: Name or service not known in /var/www/Silex/index.php on line 6
PHP message: PHP Stack trace:
PHP message: PHP   1. {main}() /var/www/Silex/index.php:0
PHP message: PHP   2. Redis->connect() /var/www/Silex/index.php:6
PHP message: PHP Warning:  Redis::connect(): connect() failed: php_network_getaddresses: getaddrinfo failed: Name or service not known in /var/www/Silex/index.php on line 6
PHP message: PHP Stack trace:
PHP message: PHP   1. {main}() /var/www/Silex/index.php:0
PHP message: PHP   2. Redis->connect() /var/www/Silex/index.php:6
PHP message: PHP Fatal error:  Uncaught RedisException: Redis server went away in /var/www/Silex/index.php:8
Stack trace:
#0 /var/www/Silex/index.php(8): Redis->set('key1', 'test')
#1 {main}
  thrown in /var/www/Silex/index.php on line 8" while reading upstream, client: 172.18.0.1, server: silex.dev, request: "GET / HTTP/1.1", upstream: "fastcgi://172.18.0.2:9000", host: "silex.dev"
2017/01/09 19:16:30 [error] 9#9: *1 FastCGI sent in stderr: "PHP message: PHP Warning:  Redis::connect(): php_network_getaddresses: getaddrinfo failed: Name or service not known in /var/www/Silex/index.php on line 6
PHP message: PHP Stack trace:
PHP message: PHP   1. {main}() /var/www/Silex/index.php:0
PHP message: PHP   2. Redis->connect() /var/www/Silex/index.php:6
PHP message: PHP Warning:  Redis::connect(): connect() failed: php_network_getaddresses: getaddrinfo failed: Name or service not known in /var/www/Silex/index.php on line 6
PHP message: PHP Stack trace:
PHP message: PHP   1. {main}() /var/www/Silex/index.php:0
PHP message: PHP   2. Redis->connect() /var/www/Silex/index.php:6
PHP message: PHP Fatal error:  Uncaught RedisException: Redis server went away in /var/www/Silex/index.php:8
Stack trace:
#0 /var/www/Silex/index.php(8): Redis->set('key1', 'test')
#1 {main}
  thrown in /var/www/Silex/index.php on line 8" while reading upstream, client: 172.18.0.1, server: silex.dev, request: "GET /favicon.ico HTTP/1.1", upstream: "fastcgi://172.18.0.2:9000", host: "silex.dev", referrer: "http://silex.dev/"
2017/01/09 19:37:19 [error] 10#10: *1 FastCGI sent in stderr: "PHP message: PHP Warning:  Redis::connect(): php_network_getaddresses: getaddrinfo failed: Name or service not known in /var/www/Silex/index.php on line 6
PHP message: PHP Stack trace:
PHP message: PHP   1. {main}() /var/www/Silex/index.php:0
PHP message: PHP   2. Redis->connect() /var/www/Silex/index.php:6
PHP message: PHP Warning:  Redis::connect(): connect() failed: php_network_getaddresses: getaddrinfo failed: Name or service not known in /var/www/Silex/index.php on line 6
PHP message: PHP Stack trace:
PHP message: PHP   1. {main}() /var/www/Silex/index.php:0
PHP message: PHP   2. Redis->connect() /var/www/Silex/index.php:6
PHP message: PHP Fatal error:  Uncaught RedisException: Redis server went away in /var/www/Silex/index.php:8
Stack trace:
#0 /var/www/Silex/index.php(8): Redis->set('key1', 'test')
#1 {main}
  thrown in /var/www/Silex/index.php on line 8" while reading upstream, client: 172.18.0.1, server: silex.dev, request: "GET / HTTP/1.1", upstream: "fastcgi://172.18.0.2:9000", host: "silex.dev"
2017/01/09 19:37:19 [error] 10#10: *1 FastCGI sent in stderr: "PHP message: PHP Warning:  Redis::connect(): php_network_getaddresses: getaddrinfo failed: Name or service not known in /var/www/Silex/index.php on line 6
PHP message: PHP Stack trace:
PHP message: PHP   1. {main}() /var/www/Silex/index.php:0
PHP message: PHP   2. Redis->connect() /var/www/Silex/index.php:6
PHP message: PHP Warning:  Redis::connect(): connect() failed: php_network_getaddresses: getaddrinfo failed: Name or service not known in /var/www/Silex/index.php on line 6
PHP message: PHP Stack trace:
PHP message: PHP   1. {main}() /var/www/Silex/index.php:0
PHP message: PHP   2. Redis->connect() /var/www/Silex/index.php:6
PHP message: PHP Fatal error:  Uncaught RedisException: Redis server went away in /var/www/Silex/index.php:8
Stack trace:
#0 /var/www/Silex/index.php(8): Redis->set('key1', 'test')
#1 {main}
  thrown in /var/www/Silex/index.php on line 8" while reading upstream, client: 172.18.0.1, server: silex.dev, request: "GET /favicon.ico HTTP/1.1", upstream: "fastcgi://172.18.0.2:9000", host: "silex.dev", referrer: "http://silex.dev/"
2017/01/09 19:37:21 [error] 10#10: *1 FastCGI sent in stderr: "PHP message: PHP Warning:  Redis::connect(): php_network_getaddresses: getaddrinfo failed: Name or service not known in /var/www/Silex/index.php on line 6
PHP message: PHP Stack trace:
PHP message: PHP   1. {main}() /var/www/Silex/index.php:0
PHP message: PHP   2. Redis->connect() /var/www/Silex/index.php:6
PHP message: PHP Warning:  Redis::connect(): connect() failed: php_network_getaddresses: getaddrinfo failed: Name or service not known in /var/www/Silex/index.php on line 6
PHP message: PHP Stack trace:
PHP message: PHP   1. {main}() /var/www/Silex/index.php:0
PHP message: PHP   2. Redis->connect() /var/www/Silex/index.php:6
PHP message: PHP Fatal error:  Uncaught RedisException: Redis server went away in /var/www/Silex/index.php:8
Stack trace:
#0 /var/www/Silex/index.php(8): Redis->set('key1', 'test')
#1 {main}
  thrown in /var/www/Silex/index.php on line 8" while reading upstream, client: 172.18.0.1, server: silex.dev, request: "GET / HTTP/1.1", upstream: "fastcgi://172.18.0.2:9000", host: "silex.dev"
2017/01/09 19:37:22 [error] 10#10: *1 FastCGI sent in stderr: "PHP message: PHP Warning:  Redis::connect(): php_network_getaddresses: getaddrinfo failed: Name or service not known in /var/www/Silex/index.php on line 6
PHP message: PHP Stack trace:
PHP message: PHP   1. {main}() /var/www/Silex/index.php:0
PHP message: PHP   2. Redis->connect() /var/www/Silex/index.php:6
PHP message: PHP Warning:  Redis::connect(): connect() failed: php_network_getaddresses: getaddrinfo failed: Name or service not known in /var/www/Silex/index.php on line 6
PHP message: PHP Stack trace:
PHP message: PHP   1. {main}() /var/www/Silex/index.php:0
PHP message: PHP   2. Redis->connect() /var/www/Silex/index.php:6
PHP message: PHP Fatal error:  Uncaught RedisException: Redis server went away in /var/www/Silex/index.php:8
Stack trace:
#0 /var/www/Silex/index.php(8): Redis->set('key1', 'test')
#1 {main}
  thrown in /var/www/Silex/index.php on line 8" while reading upstream, client: 172.18.0.1, server: silex.dev, request: "GET /favicon.ico HTTP/1.1", upstream: "fastcgi://172.18.0.2:9000", host: "silex.dev", referrer: "http://silex.dev/"
2017/01/09 21:22:10 [error] 8#8: *5 FastCGI sent in stderr: "PHP message: PHP Warning:  Redis::connect(): php_network_getaddresses: getaddrinfo failed: Name or service not known in /var/www/Silex/index.php on line 6
PHP message: PHP Stack trace:
PHP message: PHP   1. {main}() /var/www/Silex/index.php:0
PHP message: PHP   2. Redis->connect() /var/www/Silex/index.php:6
PHP message: PHP Warning:  Redis::connect(): connect() failed: php_network_getaddresses: getaddrinfo failed: Name or service not known in /var/www/Silex/index.php on line 6
PHP message: PHP Stack trace:
PHP message: PHP   1. {main}() /var/www/Silex/index.php:0
PHP message: PHP   2. Redis->connect() /var/www/Silex/index.php:6
PHP message: PHP Fatal error:  Uncaught RedisException: Redis server went away in /var/www/Silex/index.php:8
Stack trace:
#0 /var/www/Silex/index.php(8): Redis->set('key1', 'test')
#1 {main}
  thrown in /var/www/Silex/index.php on line 8" while reading upstream, client: 172.18.0.1, server: silex.dev, request: "GET / HTTP/1.1", upstream: "fastcgi://172.18.0.4:9000", host: "silex.dev"
2017/01/09 21:22:10 [error] 8#8: *5 FastCGI sent in stderr: "PHP message: PHP Warning:  Redis::connect(): php_network_getaddresses: getaddrinfo failed: Name or service not known in /var/www/Silex/index.php on line 6
PHP message: PHP Stack trace:
PHP message: PHP   1. {main}() /var/www/Silex/index.php:0
PHP message: PHP   2. Redis->connect() /var/www/Silex/index.php:6
PHP message: PHP Warning:  Redis::connect(): connect() failed: php_network_getaddresses: getaddrinfo failed: Name or service not known in /var/www/Silex/index.php on line 6
PHP message: PHP Stack trace:
PHP message: PHP   1. {main}() /var/www/Silex/index.php:0
PHP message: PHP   2. Redis->connect() /var/www/Silex/index.php:6
PHP message: PHP Fatal error:  Uncaught RedisException: Redis server went away in /var/www/Silex/index.php:8
Stack trace:
#0 /var/www/Silex/index.php(8): Redis->set('key1', 'test')
#1 {main}
  thrown in /var/www/Silex/index.php on line 8" while reading upstream, client: 172.18.0.1, server: silex.dev, request: "GET /favicon.ico HTTP/1.1", upstream: "fastcgi://172.18.0.4:9000", host: "silex.dev", referrer: "http://silex.dev/"
2017/01/09 21:22:45 [error] 6#6: *15 FastCGI sent in stderr: "PHP message: PHP Fatal error:  Uncaught Error: Using $this when not in object context in /var/www/Symfony/index.php:56
Stack trace:
#0 {main}
  thrown in /var/www/Symfony/index.php on line 56" while reading response header from upstream, client: 172.18.0.1, server: symfony.dev, request: "GET / HTTP/1.1", upstream: "fastcgi://172.18.0.4:9000", host: "symfony.dev"
2017/01/09 21:23:12 [error] 8#8: *20 FastCGI sent in stderr: "PHP message: PHP Fatal error:  Uncaught Error: Using $this when not in object context in /var/www/Symfony/index.php:58
Stack trace:
#0 {main}
  thrown in /var/www/Symfony/index.php on line 58" while reading response header from upstream, client: 172.18.0.1, server: symfony.dev, request: "GET / HTTP/1.1", upstream: "fastcgi://172.18.0.4:9000", host: "symfony.dev"
2017/01/09 21:23:13 [error] 8#8: *20 FastCGI sent in stderr: "PHP message: PHP Fatal error:  Uncaught Error: Using $this when not in object context in /var/www/Symfony/index.php:58
Stack trace:
#0 {main}
  thrown in /var/www/Symfony/index.php on line 58" while reading response header from upstream, client: 172.18.0.1, server: symfony.dev, request: "GET / HTTP/1.1", upstream: "fastcgi://172.18.0.4:9000", host: "symfony.dev"
2017/01/09 21:24:32 [error] 9#9: *27 FastCGI sent in stderr: "PHP message: PHP Fatal error:  Uncaught Error: Using $this when not in object context in /var/www/Symfony/index.php:59
Stack trace:
#0 {main}
  thrown in /var/www/Symfony/index.php on line 59" while reading response header from upstream, client: 172.18.0.1, server: symfony.dev, request: "GET / HTTP/1.1", upstream: "fastcgi://172.18.0.4:9000", host: "symfony.dev"
2017/01/09 21:24:34 [error] 9#9: *27 FastCGI sent in stderr: "PHP message: PHP Fatal error:  Uncaught Error: Using $this when not in object context in /var/www/Symfony/index.php:59
Stack trace:
#0 {main}
  thrown in /var/www/Symfony/index.php on line 59" while reading response header from upstream, client: 172.18.0.1, server: symfony.dev, request: "GET / HTTP/1.1", upstream: "fastcgi://172.18.0.4:9000", host: "symfony.dev"
2017/01/10 13:19:44 [emerg] 1#1: host not found in upstream "php-fpm:9000" in /etc/nginx/conf.d/upstream.conf:1
2017/01/10 14:43:19 [emerg] 1#1: host not found in upstream "php-fpm:9000" in /etc/nginx/conf.d/upstream.conf:1
